{"/Users/victorshemi/Desktop/vic/personal_journal_backend/src/app.js": {"path":"/Users/victorshemi/Desktop/vic/personal_journal_backend/src/app.js","statementMap":{"0":{"start":{"line":1,"column":16},"end":{"line":1,"column":34}},"1":{"start":{"line":2,"column":13},"end":{"line":2,"column":28}},"2":{"start":{"line":3,"column":16},"end":{"line":3,"column":42}},"3":{"start":{"line":4,"column":15},"end":{"line":4,"column":34}},"4":{"start":{"line":5,"column":41},"end":{"line":5,"column":71}},"5":{"start":{"line":6,"column":17},"end":{"line":6,"column":44}},"6":{"start":{"line":7,"column":18},"end":{"line":7,"column":46}},"7":{"start":{"line":8,"column":15},"end":{"line":8,"column":32}},"8":{"start":{"line":9,"column":12},"end":{"line":9,"column":43}},"9":{"start":{"line":10,"column":13},"end":{"line":10,"column":28}},"10":{"start":{"line":12,"column":12},"end":{"line":12,"column":21}},"11":{"start":{"line":15,"column":0},"end":{"line":15,"column":16}},"12":{"start":{"line":16,"column":0},"end":{"line":16,"column":25}},"13":{"start":{"line":17,"column":0},"end":{"line":17,"column":23}},"14":{"start":{"line":18,"column":0},"end":{"line":18,"column":41}},"15":{"start":{"line":19,"column":0},"end":{"line":19,"column":64}},"16":{"start":{"line":22,"column":24},"end":{"line":25,"column":2}},"17":{"start":{"line":27,"column":0},"end":{"line":43,"column":3}},"18":{"start":{"line":28,"column":4},"end":{"line":42,"column":5}},"19":{"start":{"line":29,"column":19},"end":{"line":29,"column":25}},"20":{"start":{"line":31,"column":12},"end":{"line":40,"column":14}},"21":{"start":{"line":41,"column":8},"end":{"line":41,"column":20}},"22":{"start":{"line":45,"column":0},"end":{"line":51,"column":3}},"23":{"start":{"line":46,"column":14},"end":{"line":49,"column":19}},"24":{"start":{"line":50,"column":4},"end":{"line":50,"column":68}},"25":{"start":{"line":53,"column":0},"end":{"line":60,"column":2}},"26":{"start":{"line":64,"column":0},"end":{"line":64,"column":27}},"27":{"start":{"line":78,"column":0},"end":{"line":80,"column":3}},"28":{"start":{"line":79,"column":4},"end":{"line":79,"column":49}},"29":{"start":{"line":82,"column":0},"end":{"line":82,"column":24}},"30":{"start":{"line":83,"column":0},"end":{"line":83,"column":22}},"31":{"start":{"line":85,"column":0},"end":{"line":85,"column":21}}},"fnMap":{"0":{"name":"(anonymous_0)","decl":{"start":{"line":27,"column":21},"end":{"line":27,"column":22}},"loc":{"start":{"line":27,"column":36},"end":{"line":43,"column":1}},"line":27},"1":{"name":"(anonymous_1)","decl":{"start":{"line":45,"column":21},"end":{"line":45,"column":22}},"loc":{"start":{"line":45,"column":33},"end":{"line":51,"column":1}},"line":45},"2":{"name":"(anonymous_2)","decl":{"start":{"line":78,"column":8},"end":{"line":78,"column":9}},"loc":{"start":{"line":78,"column":28},"end":{"line":80,"column":1}},"line":78}},"branchMap":{"0":{"loc":{"start":{"line":28,"column":4},"end":{"line":42,"column":5}},"type":"if","locations":[{"start":{"line":28,"column":4},"end":{"line":42,"column":5}},{"start":{},"end":{}}],"line":28}},"s":{"0":3,"1":3,"2":3,"3":3,"4":3,"5":3,"6":3,"7":3,"8":3,"9":3,"10":3,"11":3,"12":3,"13":3,"14":3,"15":3,"16":3,"17":3,"18":25,"19":15,"20":15,"21":15,"22":3,"23":25,"24":25,"25":3,"26":3,"27":3,"28":0,"29":3,"30":3,"31":3},"f":{"0":25,"1":25,"2":0},"b":{"0":[15,10]},"_coverageSchema":"1a1c01bbd47fc00a2c39e90264f33305004495a9","hash":"0cb9d16a6b555add82b98b59459f46558610ea62"}
,"/Users/victorshemi/Desktop/vic/personal_journal_backend/src/config/config.js": {"path":"/Users/victorshemi/Desktop/vic/personal_journal_backend/src/config/config.js","statementMap":{"0":{"start":{"line":1,"column":15},"end":{"line":1,"column":32}},"1":{"start":{"line":2,"column":13},"end":{"line":2,"column":28}},"2":{"start":{"line":3,"column":12},"end":{"line":3,"column":26}},"3":{"start":{"line":5,"column":0},"end":{"line":5,"column":60}},"4":{"start":{"line":7,"column":22},"end":{"line":22,"column":14}},"5":{"start":{"line":24,"column":34},"end":{"line":24,"column":105}},"6":{"start":{"line":26,"column":0},"end":{"line":28,"column":1}},"7":{"start":{"line":27,"column":4},"end":{"line":27,"column":65}},"8":{"start":{"line":30,"column":0},"end":{"line":47,"column":2}}},"fnMap":{},"branchMap":{"0":{"loc":{"start":{"line":26,"column":0},"end":{"line":28,"column":1}},"type":"if","locations":[{"start":{"line":26,"column":0},"end":{"line":28,"column":1}},{"start":{},"end":{}}],"line":26}},"s":{"0":3,"1":3,"2":3,"3":3,"4":3,"5":3,"6":3,"7":0,"8":3},"f":{},"b":{"0":[0,3]},"_coverageSchema":"1a1c01bbd47fc00a2c39e90264f33305004495a9","hash":"91a533489b446bb8b54147368b7bf9817424abbe"}
,"/Users/victorshemi/Desktop/vic/personal_journal_backend/src/config/database.js": {"path":"/Users/victorshemi/Desktop/vic/personal_journal_backend/src/config/database.js","statementMap":{"0":{"start":{"line":1,"column":22},"end":{"line":1,"column":42}},"1":{"start":{"line":2,"column":15},"end":{"line":2,"column":34}},"2":{"start":{"line":4,"column":13},"end":{"line":4,"column":30}},"3":{"start":{"line":5,"column":13},"end":{"line":5,"column":30}},"4":{"start":{"line":6,"column":17},"end":{"line":6,"column":34}},"5":{"start":{"line":7,"column":17},"end":{"line":7,"column":38}},"6":{"start":{"line":8,"column":13},"end":{"line":8,"column":30}},"7":{"start":{"line":10,"column":18},"end":{"line":15,"column":2}},"8":{"start":{"line":17,"column":0},"end":{"line":17,"column":27}}},"fnMap":{},"branchMap":{},"s":{"0":3,"1":3,"2":3,"3":3,"4":3,"5":3,"6":3,"7":3,"8":3},"f":{},"b":{},"_coverageSchema":"1a1c01bbd47fc00a2c39e90264f33305004495a9","hash":"6e74a121a24f04caae15a7cf29b85d807b65e182"}
,"/Users/victorshemi/Desktop/vic/personal_journal_backend/src/controllers/auth.controller.js": {"path":"/Users/victorshemi/Desktop/vic/personal_journal_backend/src/controllers/auth.controller.js","statementMap":{"0":{"start":{"line":1,"column":17},"end":{"line":1,"column":37}},"1":{"start":{"line":2,"column":15},"end":{"line":2,"column":32}},"2":{"start":{"line":3,"column":38},"end":{"line":3,"column":60}},"3":{"start":{"line":4,"column":15},"end":{"line":4,"column":42}},"4":{"start":{"line":5,"column":13},"end":{"line":5,"column":28}},"5":{"start":{"line":6,"column":11},"end":{"line":6,"column":24}},"6":{"start":{"line":7,"column":12},"end":{"line":7,"column":35}},"7":{"start":{"line":9,"column":14},"end":{"line":11,"column":1}},"8":{"start":{"line":10,"column":4},"end":{"line":10,"column":61}},"9":{"start":{"line":13,"column":17},"end":{"line":39,"column":1}},"10":{"start":{"line":14,"column":52},"end":{"line":14,"column":60}},"11":{"start":{"line":16,"column":4},"end":{"line":38,"column":5}},"12":{"start":{"line":17,"column":29},"end":{"line":19,"column":10}},"13":{"start":{"line":21,"column":8},"end":{"line":23,"column":9}},"14":{"start":{"line":22,"column":12},"end":{"line":22,"column":76}},"15":{"start":{"line":24,"column":21},"end":{"line":24,"column":43}},"16":{"start":{"line":25,"column":31},"end":{"line":25,"column":62}},"17":{"start":{"line":26,"column":24},"end":{"line":32,"column":10}},"18":{"start":{"line":33,"column":22},"end":{"line":33,"column":57}},"19":{"start":{"line":34,"column":8},"end":{"line":34,"column":62}},"20":{"start":{"line":36,"column":8},"end":{"line":36,"column":28}},"21":{"start":{"line":37,"column":8},"end":{"line":37,"column":70}},"22":{"start":{"line":41,"column":14},"end":{"line":61,"column":1}},"23":{"start":{"line":42,"column":32},"end":{"line":42,"column":40}},"24":{"start":{"line":43,"column":4},"end":{"line":60,"column":5}},"25":{"start":{"line":44,"column":21},"end":{"line":48,"column":10}},"26":{"start":{"line":49,"column":8},"end":{"line":51,"column":9}},"27":{"start":{"line":50,"column":12},"end":{"line":50,"column":71}},"28":{"start":{"line":52,"column":30},"end":{"line":52,"column":75}},"29":{"start":{"line":53,"column":8},"end":{"line":55,"column":9}},"30":{"start":{"line":54,"column":12},"end":{"line":54,"column":76}},"31":{"start":{"line":56,"column":22},"end":{"line":56,"column":54}},"32":{"start":{"line":57,"column":8},"end":{"line":57,"column":47}},"33":{"start":{"line":59,"column":8},"end":{"line":59,"column":65}},"34":{"start":{"line":63,"column":16},"end":{"line":84,"column":1}},"35":{"start":{"line":64,"column":23},"end":{"line":64,"column":60}},"36":{"start":{"line":65,"column":23},"end":{"line":65,"column":75}},"37":{"start":{"line":66,"column":18},"end":{"line":66,"column":55}},"38":{"start":{"line":67,"column":4},"end":{"line":83,"column":5}},"39":{"start":{"line":68,"column":8},"end":{"line":82,"column":10}},"40":{"start":{"line":73,"column":16},"end":{"line":80,"column":17}},"41":{"start":{"line":74,"column":20},"end":{"line":76,"column":23}},"42":{"start":{"line":78,"column":40},"end":{"line":78,"column":55}},"43":{"start":{"line":79,"column":20},"end":{"line":79,"column":64}},"44":{"start":{"line":86,"column":22},"end":{"line":104,"column":1}},"45":{"start":{"line":87,"column":4},"end":{"line":103,"column":5}},"46":{"start":{"line":88,"column":23},"end":{"line":88,"column":34}},"47":{"start":{"line":89,"column":32},"end":{"line":89,"column":40}},"48":{"start":{"line":90,"column":28},"end":{"line":93,"column":9}},"49":{"start":{"line":95,"column":8},"end":{"line":97,"column":9}},"50":{"start":{"line":96,"column":12},"end":{"line":96,"column":101}},"51":{"start":{"line":99,"column":32},"end":{"line":99,"column":55}},"52":{"start":{"line":100,"column":8},"end":{"line":100,"column":97}},"53":{"start":{"line":102,"column":8},"end":{"line":102,"column":100}},"54":{"start":{"line":107,"column":23},"end":{"line":127,"column":1}},"55":{"start":{"line":108,"column":4},"end":{"line":126,"column":5}},"56":{"start":{"line":109,"column":23},"end":{"line":109,"column":34}},"57":{"start":{"line":110,"column":49},"end":{"line":110,"column":57}},"58":{"start":{"line":111,"column":21},"end":{"line":111,"column":48}},"59":{"start":{"line":112,"column":8},"end":{"line":114,"column":9}},"60":{"start":{"line":113,"column":12},"end":{"line":113,"column":101}},"61":{"start":{"line":115,"column":24},"end":{"line":115,"column":76}},"62":{"start":{"line":117,"column":8},"end":{"line":119,"column":9}},"63":{"start":{"line":118,"column":12},"end":{"line":118,"column":116}},"64":{"start":{"line":120,"column":21},"end":{"line":120,"column":43}},"65":{"start":{"line":121,"column":31},"end":{"line":121,"column":67}},"66":{"start":{"line":122,"column":8},"end":{"line":122,"column":56}},"67":{"start":{"line":123,"column":8},"end":{"line":123,"column":116}},"68":{"start":{"line":125,"column":8},"end":{"line":125,"column":100}},"69":{"start":{"line":129,"column":0},"end":{"line":136,"column":1}}},"fnMap":{"0":{"name":"(anonymous_0)","decl":{"start":{"line":9,"column":14},"end":{"line":9,"column":15}},"loc":{"start":{"line":9,"column":28},"end":{"line":11,"column":1}},"line":9},"1":{"name":"(anonymous_1)","decl":{"start":{"line":13,"column":17},"end":{"line":13,"column":18}},"loc":{"start":{"line":13,"column":37},"end":{"line":39,"column":1}},"line":13},"2":{"name":"(anonymous_2)","decl":{"start":{"line":41,"column":14},"end":{"line":41,"column":15}},"loc":{"start":{"line":41,"column":34},"end":{"line":61,"column":1}},"line":41},"3":{"name":"(anonymous_3)","decl":{"start":{"line":63,"column":16},"end":{"line":63,"column":17}},"loc":{"start":{"line":63,"column":30},"end":{"line":84,"column":1}},"line":63},"4":{"name":"(anonymous_4)","decl":{"start":{"line":72,"column":12},"end":{"line":72,"column":13}},"loc":{"start":{"line":72,"column":42},"end":{"line":81,"column":13}},"line":72},"5":{"name":"(anonymous_5)","decl":{"start":{"line":86,"column":22},"end":{"line":86,"column":23}},"loc":{"start":{"line":86,"column":42},"end":{"line":104,"column":1}},"line":86},"6":{"name":"(anonymous_6)","decl":{"start":{"line":107,"column":23},"end":{"line":107,"column":24}},"loc":{"start":{"line":107,"column":43},"end":{"line":127,"column":1}},"line":107}},"branchMap":{"0":{"loc":{"start":{"line":21,"column":8},"end":{"line":23,"column":9}},"type":"if","locations":[{"start":{"line":21,"column":8},"end":{"line":23,"column":9}},{"start":{},"end":{}}],"line":21},"1":{"loc":{"start":{"line":49,"column":8},"end":{"line":51,"column":9}},"type":"if","locations":[{"start":{"line":49,"column":8},"end":{"line":51,"column":9}},{"start":{},"end":{}}],"line":49},"2":{"loc":{"start":{"line":53,"column":8},"end":{"line":55,"column":9}},"type":"if","locations":[{"start":{"line":53,"column":8},"end":{"line":55,"column":9}},{"start":{},"end":{}}],"line":53},"3":{"loc":{"start":{"line":67,"column":4},"end":{"line":83,"column":5}},"type":"if","locations":[{"start":{"line":67,"column":4},"end":{"line":83,"column":5}},{"start":{},"end":{}}],"line":67},"4":{"loc":{"start":{"line":67,"column":8},"end":{"line":67,"column":73}},"type":"binary-expr","locations":[{"start":{"line":67,"column":8},"end":{"line":67,"column":29}},{"start":{"line":67,"column":33},"end":{"line":67,"column":73}}],"line":67},"5":{"loc":{"start":{"line":73,"column":16},"end":{"line":80,"column":17}},"type":"if","locations":[{"start":{"line":73,"column":16},"end":{"line":80,"column":17}},{"start":{"line":77,"column":23},"end":{"line":80,"column":17}}],"line":73},"6":{"loc":{"start":{"line":95,"column":8},"end":{"line":97,"column":9}},"type":"if","locations":[{"start":{"line":95,"column":8},"end":{"line":97,"column":9}},{"start":{},"end":{}}],"line":95},"7":{"loc":{"start":{"line":112,"column":8},"end":{"line":114,"column":9}},"type":"if","locations":[{"start":{"line":112,"column":8},"end":{"line":114,"column":9}},{"start":{},"end":{}}],"line":112},"8":{"loc":{"start":{"line":117,"column":8},"end":{"line":119,"column":9}},"type":"if","locations":[{"start":{"line":117,"column":8},"end":{"line":119,"column":9}},{"start":{},"end":{}}],"line":117}},"s":{"0":3,"1":3,"2":3,"3":3,"4":3,"5":3,"6":3,"7":3,"8":0,"9":3,"10":0,"11":0,"12":0,"13":0,"14":0,"15":0,"16":0,"17":0,"18":0,"19":0,"20":0,"21":0,"22":3,"23":0,"24":0,"25":0,"26":0,"27":0,"28":0,"29":0,"30":0,"31":0,"32":0,"33":0,"34":3,"35":0,"36":0,"37":0,"38":0,"39":0,"40":0,"41":0,"42":0,"43":0,"44":3,"45":0,"46":0,"47":0,"48":0,"49":0,"50":0,"51":0,"52":0,"53":0,"54":3,"55":0,"56":0,"57":0,"58":0,"59":0,"60":0,"61":0,"62":0,"63":0,"64":0,"65":0,"66":0,"67":0,"68":0,"69":3},"f":{"0":0,"1":0,"2":0,"3":0,"4":0,"5":0,"6":0},"b":{"0":[0,0],"1":[0,0],"2":[0,0],"3":[0,0],"4":[0,0],"5":[0,0],"6":[0,0],"7":[0,0],"8":[0,0]},"_coverageSchema":"1a1c01bbd47fc00a2c39e90264f33305004495a9","hash":"3c4adbbdbca747fff9af0d381fefda5e053c44be"}
,"/Users/victorshemi/Desktop/vic/personal_journal_backend/src/controllers/category.controller.js": {"path":"/Users/victorshemi/Desktop/vic/personal_journal_backend/src/controllers/category.controller.js","statementMap":{"0":{"start":{"line":1,"column":21},"end":{"line":1,"column":41}},"1":{"start":{"line":5,"column":23},"end":{"line":17,"column":1}},"2":{"start":{"line":6,"column":4},"end":{"line":16,"column":5}},"3":{"start":{"line":7,"column":25},"end":{"line":7,"column":33}},"4":{"start":{"line":8,"column":33},"end":{"line":8,"column":76}},"5":{"start":{"line":9,"column":8},"end":{"line":11,"column":9}},"6":{"start":{"line":10,"column":12},"end":{"line":10,"column":125}},"7":{"start":{"line":12,"column":28},"end":{"line":12,"column":59}},"8":{"start":{"line":13,"column":8},"end":{"line":13,"column":93}},"9":{"start":{"line":15,"column":8},"end":{"line":15,"column":100}},"10":{"start":{"line":20,"column":26},"end":{"line":44,"column":1}},"11":{"start":{"line":21,"column":4},"end":{"line":43,"column":5}},"12":{"start":{"line":22,"column":21},"end":{"line":22,"column":50}},"13":{"start":{"line":23,"column":25},"end":{"line":23,"column":59}},"14":{"start":{"line":25,"column":23},"end":{"line":25,"column":44}},"15":{"start":{"line":27,"column":27},"end":{"line":30,"column":10}},"16":{"start":{"line":32,"column":27},"end":{"line":32,"column":65}},"17":{"start":{"line":33,"column":8},"end":{"line":40,"column":11}},"18":{"start":{"line":42,"column":8},"end":{"line":42,"column":100}},"19":{"start":{"line":47,"column":24},"end":{"line":58,"column":1}},"20":{"start":{"line":48,"column":4},"end":{"line":57,"column":5}},"21":{"start":{"line":49,"column":27},"end":{"line":49,"column":40}},"22":{"start":{"line":50,"column":25},"end":{"line":50,"column":60}},"23":{"start":{"line":51,"column":8},"end":{"line":53,"column":9}},"24":{"start":{"line":52,"column":12},"end":{"line":52,"column":105}},"25":{"start":{"line":54,"column":8},"end":{"line":54,"column":90}},"26":{"start":{"line":56,"column":8},"end":{"line":56,"column":100}},"27":{"start":{"line":61,"column":23},"end":{"line":75,"column":1}},"28":{"start":{"line":62,"column":4},"end":{"line":74,"column":5}},"29":{"start":{"line":63,"column":27},"end":{"line":63,"column":40}},"30":{"start":{"line":64,"column":25},"end":{"line":64,"column":33}},"31":{"start":{"line":65,"column":23},"end":{"line":65,"column":58}},"32":{"start":{"line":66,"column":8},"end":{"line":68,"column":9}},"33":{"start":{"line":67,"column":12},"end":{"line":67,"column":105}},"34":{"start":{"line":69,"column":8},"end":{"line":69,"column":29}},"35":{"start":{"line":70,"column":8},"end":{"line":70,"column":30}},"36":{"start":{"line":71,"column":8},"end":{"line":71,"column":90}},"37":{"start":{"line":73,"column":8},"end":{"line":73,"column":100}},"38":{"start":{"line":77,"column":23},"end":{"line":89,"column":1}},"39":{"start":{"line":78,"column":4},"end":{"line":88,"column":5}},"40":{"start":{"line":79,"column":27},"end":{"line":79,"column":40}},"41":{"start":{"line":80,"column":25},"end":{"line":80,"column":60}},"42":{"start":{"line":81,"column":8},"end":{"line":83,"column":9}},"43":{"start":{"line":82,"column":12},"end":{"line":82,"column":105}},"44":{"start":{"line":84,"column":8},"end":{"line":84,"column":33}},"45":{"start":{"line":85,"column":8},"end":{"line":85,"column":116}},"46":{"start":{"line":87,"column":8},"end":{"line":87,"column":100}},"47":{"start":{"line":91,"column":0},"end":{"line":97,"column":2}}},"fnMap":{"0":{"name":"(anonymous_0)","decl":{"start":{"line":5,"column":23},"end":{"line":5,"column":24}},"loc":{"start":{"line":5,"column":43},"end":{"line":17,"column":1}},"line":5},"1":{"name":"(anonymous_1)","decl":{"start":{"line":20,"column":26},"end":{"line":20,"column":27}},"loc":{"start":{"line":20,"column":46},"end":{"line":44,"column":1}},"line":20},"2":{"name":"(anonymous_2)","decl":{"start":{"line":47,"column":24},"end":{"line":47,"column":25}},"loc":{"start":{"line":47,"column":44},"end":{"line":58,"column":1}},"line":47},"3":{"name":"(anonymous_3)","decl":{"start":{"line":61,"column":23},"end":{"line":61,"column":24}},"loc":{"start":{"line":61,"column":43},"end":{"line":75,"column":1}},"line":61},"4":{"name":"(anonymous_4)","decl":{"start":{"line":77,"column":23},"end":{"line":77,"column":24}},"loc":{"start":{"line":77,"column":43},"end":{"line":89,"column":1}},"line":77}},"branchMap":{"0":{"loc":{"start":{"line":9,"column":8},"end":{"line":11,"column":9}},"type":"if","locations":[{"start":{"line":9,"column":8},"end":{"line":11,"column":9}},{"start":{},"end":{}}],"line":9},"1":{"loc":{"start":{"line":22,"column":21},"end":{"line":22,"column":50}},"type":"binary-expr","locations":[{"start":{"line":22,"column":21},"end":{"line":22,"column":45}},{"start":{"line":22,"column":49},"end":{"line":22,"column":50}}],"line":22},"2":{"loc":{"start":{"line":23,"column":25},"end":{"line":23,"column":59}},"type":"binary-expr","locations":[{"start":{"line":23,"column":25},"end":{"line":23,"column":53}},{"start":{"line":23,"column":57},"end":{"line":23,"column":59}}],"line":23},"3":{"loc":{"start":{"line":51,"column":8},"end":{"line":53,"column":9}},"type":"if","locations":[{"start":{"line":51,"column":8},"end":{"line":53,"column":9}},{"start":{},"end":{}}],"line":51},"4":{"loc":{"start":{"line":66,"column":8},"end":{"line":68,"column":9}},"type":"if","locations":[{"start":{"line":66,"column":8},"end":{"line":68,"column":9}},{"start":{},"end":{}}],"line":66},"5":{"loc":{"start":{"line":81,"column":8},"end":{"line":83,"column":9}},"type":"if","locations":[{"start":{"line":81,"column":8},"end":{"line":83,"column":9}},{"start":{},"end":{}}],"line":81}},"s":{"0":3,"1":3,"2":2,"3":2,"4":2,"5":2,"6":1,"7":1,"8":1,"9":0,"10":3,"11":0,"12":0,"13":0,"14":0,"15":0,"16":0,"17":0,"18":0,"19":3,"20":0,"21":0,"22":0,"23":0,"24":0,"25":0,"26":0,"27":3,"28":0,"29":0,"30":0,"31":0,"32":0,"33":0,"34":0,"35":0,"36":0,"37":0,"38":3,"39":0,"40":0,"41":0,"42":0,"43":0,"44":0,"45":0,"46":0,"47":3},"f":{"0":2,"1":0,"2":0,"3":0,"4":0},"b":{"0":[1,1],"1":[0,0],"2":[0,0],"3":[0,0],"4":[0,0],"5":[0,0]},"_coverageSchema":"1a1c01bbd47fc00a2c39e90264f33305004495a9","hash":"010814359741dab1cebc7b691ff511c7e7bbc2b0"}
,"/Users/victorshemi/Desktop/vic/personal_journal_backend/src/controllers/index.js": {"path":"/Users/victorshemi/Desktop/vic/personal_journal_backend/src/controllers/index.js","statementMap":{"0":{"start":{"line":1,"column":0},"end":{"line":1,"column":60}},"1":{"start":{"line":2,"column":0},"end":{"line":2,"column":66}},"2":{"start":{"line":3,"column":0},"end":{"line":3,"column":68}}},"fnMap":{},"branchMap":{},"s":{"0":3,"1":3,"2":3},"f":{},"b":{},"_coverageSchema":"1a1c01bbd47fc00a2c39e90264f33305004495a9","hash":"56af5e33de54ea2f14bead72d288e937bd08d94b"}
,"/Users/victorshemi/Desktop/vic/personal_journal_backend/src/controllers/journal.controller.js": {"path":"/Users/victorshemi/Desktop/vic/personal_journal_backend/src/controllers/journal.controller.js","statementMap":{"0":{"start":{"line":1,"column":30},"end":{"line":1,"column":50}},"1":{"start":{"line":2,"column":18},"end":{"line":2,"column":38}},"2":{"start":{"line":3,"column":15},"end":{"line":3,"column":24}},"3":{"start":{"line":5,"column":22},"end":{"line":29,"column":1}},"4":{"start":{"line":6,"column":4},"end":{"line":28,"column":5}},"5":{"start":{"line":7,"column":48},"end":{"line":7,"column":56}},"6":{"start":{"line":10,"column":8},"end":{"line":18,"column":9}},"7":{"start":{"line":11,"column":35},"end":{"line":11,"column":91}},"8":{"start":{"line":12,"column":12},"end":{"line":14,"column":13}},"9":{"start":{"line":13,"column":16},"end":{"line":13,"column":80}},"10":{"start":{"line":15,"column":12},"end":{"line":15,"column":43}},"11":{"start":{"line":17,"column":12},"end":{"line":17,"column":35}},"12":{"start":{"line":19,"column":27},"end":{"line":24,"column":10}},"13":{"start":{"line":25,"column":8},"end":{"line":25,"column":92}},"14":{"start":{"line":27,"column":8},"end":{"line":27,"column":100}},"15":{"start":{"line":31,"column":26},"end":{"line":47,"column":1}},"16":{"start":{"line":32,"column":4},"end":{"line":46,"column":5}},"17":{"start":{"line":33,"column":21},"end":{"line":33,"column":50}},"18":{"start":{"line":34,"column":25},"end":{"line":34,"column":58}},"19":{"start":{"line":35,"column":23},"end":{"line":35,"column":44}},"20":{"start":{"line":36,"column":27},"end":{"line":42,"column":9}},"21":{"start":{"line":43,"column":8},"end":{"line":43,"column":108}},"22":{"start":{"line":45,"column":8},"end":{"line":45,"column":100}},"23":{"start":{"line":50,"column":33},"end":{"line":97,"column":1}},"24":{"start":{"line":51,"column":4},"end":{"line":96,"column":5}},"25":{"start":{"line":52,"column":35},"end":{"line":52,"column":44}},"26":{"start":{"line":53,"column":23},"end":{"line":53,"column":34}},"27":{"start":{"line":54,"column":21},"end":{"line":54,"column":50}},"28":{"start":{"line":55,"column":25},"end":{"line":55,"column":59}},"29":{"start":{"line":56,"column":23},"end":{"line":56,"column":44}},"30":{"start":{"line":58,"column":26},"end":{"line":60,"column":9}},"31":{"start":{"line":61,"column":8},"end":{"line":77,"column":9}},"32":{"start":{"line":62,"column":12},"end":{"line":70,"column":13}},"33":{"start":{"line":63,"column":16},"end":{"line":63,"column":34}},"34":{"start":{"line":64,"column":16},"end":{"line":64,"column":61}},"35":{"start":{"line":65,"column":16},"end":{"line":65,"column":32}},"36":{"start":{"line":66,"column":19},"end":{"line":70,"column":13}},"37":{"start":{"line":67,"column":16},"end":{"line":67,"column":34}},"38":{"start":{"line":68,"column":16},"end":{"line":68,"column":32}},"39":{"start":{"line":69,"column":16},"end":{"line":69,"column":32}},"40":{"start":{"line":71,"column":15},"end":{"line":77,"column":9}},"41":{"start":{"line":72,"column":12},"end":{"line":72,"column":34}},"42":{"start":{"line":73,"column":12},"end":{"line":73,"column":30}},"43":{"start":{"line":74,"column":12},"end":{"line":76,"column":14}},"44":{"start":{"line":78,"column":31},"end":{"line":90,"column":10}},"45":{"start":{"line":92,"column":8},"end":{"line":92,"column":130}},"46":{"start":{"line":94,"column":8},"end":{"line":94,"column":71}},"47":{"start":{"line":95,"column":8},"end":{"line":95,"column":100}},"48":{"start":{"line":99,"column":40},"end":{"line":146,"column":1}},"49":{"start":{"line":100,"column":4},"end":{"line":145,"column":5}},"50":{"start":{"line":101,"column":27},"end":{"line":101,"column":40}},"51":{"start":{"line":102,"column":35},"end":{"line":102,"column":44}},"52":{"start":{"line":103,"column":21},"end":{"line":103,"column":50}},"53":{"start":{"line":104,"column":25},"end":{"line":104,"column":59}},"54":{"start":{"line":105,"column":23},"end":{"line":105,"column":44}},"55":{"start":{"line":107,"column":26},"end":{"line":109,"column":9}},"56":{"start":{"line":110,"column":8},"end":{"line":126,"column":9}},"57":{"start":{"line":111,"column":12},"end":{"line":119,"column":13}},"58":{"start":{"line":112,"column":16},"end":{"line":112,"column":34}},"59":{"start":{"line":113,"column":16},"end":{"line":113,"column":61}},"60":{"start":{"line":114,"column":16},"end":{"line":114,"column":32}},"61":{"start":{"line":115,"column":19},"end":{"line":119,"column":13}},"62":{"start":{"line":116,"column":16},"end":{"line":116,"column":34}},"63":{"start":{"line":117,"column":16},"end":{"line":117,"column":32}},"64":{"start":{"line":118,"column":16},"end":{"line":118,"column":32}},"65":{"start":{"line":120,"column":15},"end":{"line":126,"column":9}},"66":{"start":{"line":121,"column":12},"end":{"line":121,"column":34}},"67":{"start":{"line":122,"column":12},"end":{"line":122,"column":30}},"68":{"start":{"line":123,"column":12},"end":{"line":125,"column":14}},"69":{"start":{"line":127,"column":31},"end":{"line":139,"column":10}},"70":{"start":{"line":141,"column":8},"end":{"line":141,"column":130}},"71":{"start":{"line":143,"column":8},"end":{"line":143,"column":76}},"72":{"start":{"line":144,"column":8},"end":{"line":144,"column":100}},"73":{"start":{"line":148,"column":28},"end":{"line":169,"column":1}},"74":{"start":{"line":149,"column":4},"end":{"line":168,"column":5}},"75":{"start":{"line":150,"column":26},"end":{"line":150,"column":39}},"76":{"start":{"line":151,"column":29},"end":{"line":161,"column":9}},"77":{"start":{"line":162,"column":8},"end":{"line":164,"column":9}},"78":{"start":{"line":163,"column":12},"end":{"line":163,"column":110}},"79":{"start":{"line":165,"column":8},"end":{"line":165,"column":94}},"80":{"start":{"line":167,"column":8},"end":{"line":167,"column":100}},"81":{"start":{"line":172,"column":27},"end":{"line":198,"column":1}},"82":{"start":{"line":173,"column":4},"end":{"line":197,"column":5}},"83":{"start":{"line":174,"column":26},"end":{"line":174,"column":39}},"84":{"start":{"line":175,"column":48},"end":{"line":175,"column":56}},"85":{"start":{"line":176,"column":27},"end":{"line":186,"column":14}},"86":{"start":{"line":187,"column":8},"end":{"line":189,"column":9}},"87":{"start":{"line":188,"column":12},"end":{"line":188,"column":110}},"88":{"start":{"line":190,"column":8},"end":{"line":190,"column":35}},"89":{"start":{"line":191,"column":8},"end":{"line":191,"column":39}},"90":{"start":{"line":192,"column":8},"end":{"line":192,"column":47}},"91":{"start":{"line":193,"column":8},"end":{"line":193,"column":34}},"92":{"start":{"line":194,"column":8},"end":{"line":194,"column":94}},"93":{"start":{"line":196,"column":8},"end":{"line":196,"column":100}},"94":{"start":{"line":202,"column":27},"end":{"line":214,"column":1}},"95":{"start":{"line":203,"column":4},"end":{"line":213,"column":5}},"96":{"start":{"line":204,"column":26},"end":{"line":204,"column":39}},"97":{"start":{"line":205,"column":29},"end":{"line":205,"column":62}},"98":{"start":{"line":206,"column":8},"end":{"line":208,"column":9}},"99":{"start":{"line":207,"column":12},"end":{"line":207,"column":110}},"100":{"start":{"line":209,"column":8},"end":{"line":209,"column":37}},"101":{"start":{"line":210,"column":8},"end":{"line":210,"column":121}},"102":{"start":{"line":212,"column":8},"end":{"line":212,"column":100}},"103":{"start":{"line":217,"column":0},"end":{"line":225,"column":2}}},"fnMap":{"0":{"name":"(anonymous_0)","decl":{"start":{"line":5,"column":22},"end":{"line":5,"column":23}},"loc":{"start":{"line":5,"column":42},"end":{"line":29,"column":1}},"line":5},"1":{"name":"(anonymous_1)","decl":{"start":{"line":31,"column":26},"end":{"line":31,"column":27}},"loc":{"start":{"line":31,"column":46},"end":{"line":47,"column":1}},"line":31},"2":{"name":"(anonymous_2)","decl":{"start":{"line":50,"column":33},"end":{"line":50,"column":34}},"loc":{"start":{"line":50,"column":53},"end":{"line":97,"column":1}},"line":50},"3":{"name":"(anonymous_3)","decl":{"start":{"line":99,"column":40},"end":{"line":99,"column":41}},"loc":{"start":{"line":99,"column":60},"end":{"line":146,"column":1}},"line":99},"4":{"name":"(anonymous_4)","decl":{"start":{"line":148,"column":28},"end":{"line":148,"column":29}},"loc":{"start":{"line":148,"column":48},"end":{"line":169,"column":1}},"line":148},"5":{"name":"(anonymous_5)","decl":{"start":{"line":172,"column":27},"end":{"line":172,"column":28}},"loc":{"start":{"line":172,"column":47},"end":{"line":198,"column":1}},"line":172},"6":{"name":"(anonymous_6)","decl":{"start":{"line":202,"column":27},"end":{"line":202,"column":28}},"loc":{"start":{"line":202,"column":47},"end":{"line":214,"column":1}},"line":202}},"branchMap":{"0":{"loc":{"start":{"line":10,"column":8},"end":{"line":18,"column":9}},"type":"if","locations":[{"start":{"line":10,"column":8},"end":{"line":18,"column":9}},{"start":{"line":16,"column":15},"end":{"line":18,"column":9}}],"line":10},"1":{"loc":{"start":{"line":12,"column":12},"end":{"line":14,"column":13}},"type":"if","locations":[{"start":{"line":12,"column":12},"end":{"line":14,"column":13}},{"start":{},"end":{}}],"line":12},"2":{"loc":{"start":{"line":33,"column":21},"end":{"line":33,"column":50}},"type":"binary-expr","locations":[{"start":{"line":33,"column":21},"end":{"line":33,"column":45}},{"start":{"line":33,"column":49},"end":{"line":33,"column":50}}],"line":33},"3":{"loc":{"start":{"line":34,"column":25},"end":{"line":34,"column":58}},"type":"binary-expr","locations":[{"start":{"line":34,"column":25},"end":{"line":34,"column":53}},{"start":{"line":34,"column":57},"end":{"line":34,"column":58}}],"line":34},"4":{"loc":{"start":{"line":54,"column":21},"end":{"line":54,"column":50}},"type":"binary-expr","locations":[{"start":{"line":54,"column":21},"end":{"line":54,"column":45}},{"start":{"line":54,"column":49},"end":{"line":54,"column":50}}],"line":54},"5":{"loc":{"start":{"line":55,"column":25},"end":{"line":55,"column":59}},"type":"binary-expr","locations":[{"start":{"line":55,"column":25},"end":{"line":55,"column":53}},{"start":{"line":55,"column":57},"end":{"line":55,"column":59}}],"line":55},"6":{"loc":{"start":{"line":61,"column":8},"end":{"line":77,"column":9}},"type":"if","locations":[{"start":{"line":61,"column":8},"end":{"line":77,"column":9}},{"start":{"line":71,"column":15},"end":{"line":77,"column":9}}],"line":61},"7":{"loc":{"start":{"line":62,"column":12},"end":{"line":70,"column":13}},"type":"if","locations":[{"start":{"line":62,"column":12},"end":{"line":70,"column":13}},{"start":{"line":66,"column":19},"end":{"line":70,"column":13}}],"line":62},"8":{"loc":{"start":{"line":66,"column":19},"end":{"line":70,"column":13}},"type":"if","locations":[{"start":{"line":66,"column":19},"end":{"line":70,"column":13}},{"start":{},"end":{}}],"line":66},"9":{"loc":{"start":{"line":71,"column":15},"end":{"line":77,"column":9}},"type":"if","locations":[{"start":{"line":71,"column":15},"end":{"line":77,"column":9}},{"start":{},"end":{}}],"line":71},"10":{"loc":{"start":{"line":71,"column":19},"end":{"line":71,"column":29}},"type":"binary-expr","locations":[{"start":{"line":71,"column":19},"end":{"line":71,"column":23}},{"start":{"line":71,"column":27},"end":{"line":71,"column":29}}],"line":71},"11":{"loc":{"start":{"line":103,"column":21},"end":{"line":103,"column":50}},"type":"binary-expr","locations":[{"start":{"line":103,"column":21},"end":{"line":103,"column":45}},{"start":{"line":103,"column":49},"end":{"line":103,"column":50}}],"line":103},"12":{"loc":{"start":{"line":104,"column":25},"end":{"line":104,"column":59}},"type":"binary-expr","locations":[{"start":{"line":104,"column":25},"end":{"line":104,"column":53}},{"start":{"line":104,"column":57},"end":{"line":104,"column":59}}],"line":104},"13":{"loc":{"start":{"line":110,"column":8},"end":{"line":126,"column":9}},"type":"if","locations":[{"start":{"line":110,"column":8},"end":{"line":126,"column":9}},{"start":{"line":120,"column":15},"end":{"line":126,"column":9}}],"line":110},"14":{"loc":{"start":{"line":111,"column":12},"end":{"line":119,"column":13}},"type":"if","locations":[{"start":{"line":111,"column":12},"end":{"line":119,"column":13}},{"start":{"line":115,"column":19},"end":{"line":119,"column":13}}],"line":111},"15":{"loc":{"start":{"line":115,"column":19},"end":{"line":119,"column":13}},"type":"if","locations":[{"start":{"line":115,"column":19},"end":{"line":119,"column":13}},{"start":{},"end":{}}],"line":115},"16":{"loc":{"start":{"line":120,"column":15},"end":{"line":126,"column":9}},"type":"if","locations":[{"start":{"line":120,"column":15},"end":{"line":126,"column":9}},{"start":{},"end":{}}],"line":120},"17":{"loc":{"start":{"line":120,"column":19},"end":{"line":120,"column":29}},"type":"binary-expr","locations":[{"start":{"line":120,"column":19},"end":{"line":120,"column":23}},{"start":{"line":120,"column":27},"end":{"line":120,"column":29}}],"line":120},"18":{"loc":{"start":{"line":162,"column":8},"end":{"line":164,"column":9}},"type":"if","locations":[{"start":{"line":162,"column":8},"end":{"line":164,"column":9}},{"start":{},"end":{}}],"line":162},"19":{"loc":{"start":{"line":187,"column":8},"end":{"line":189,"column":9}},"type":"if","locations":[{"start":{"line":187,"column":8},"end":{"line":189,"column":9}},{"start":{},"end":{}}],"line":187},"20":{"loc":{"start":{"line":206,"column":8},"end":{"line":208,"column":9}},"type":"if","locations":[{"start":{"line":206,"column":8},"end":{"line":208,"column":9}},{"start":{},"end":{}}],"line":206}},"s":{"0":3,"1":3,"2":3,"3":3,"4":1,"5":1,"6":1,"7":0,"8":0,"9":0,"10":0,"11":1,"12":1,"13":1,"14":0,"15":3,"16":1,"17":1,"18":1,"19":1,"20":1,"21":1,"22":0,"23":3,"24":3,"25":3,"26":3,"27":3,"28":3,"29":3,"30":3,"31":3,"32":1,"33":1,"34":1,"35":1,"36":0,"37":0,"38":0,"39":0,"40":2,"41":1,"42":1,"43":1,"44":3,"45":3,"46":0,"47":0,"48":3,"49":2,"50":2,"51":2,"52":2,"53":2,"54":2,"55":2,"56":2,"57":0,"58":0,"59":0,"60":0,"61":0,"62":0,"63":0,"64":0,"65":2,"66":0,"67":0,"68":0,"69":2,"70":2,"71":0,"72":0,"73":3,"74":2,"75":2,"76":2,"77":2,"78":1,"79":1,"80":0,"81":3,"82":2,"83":2,"84":2,"85":2,"86":2,"87":1,"88":1,"89":1,"90":1,"91":1,"92":0,"93":1,"94":3,"95":2,"96":2,"97":2,"98":2,"99":1,"100":1,"101":1,"102":0,"103":3},"f":{"0":1,"1":1,"2":3,"3":2,"4":2,"5":2,"6":2},"b":{"0":[0,1],"1":[0,0],"2":[1,1],"3":[1,1],"4":[3,3],"5":[3,3],"6":[1,2],"7":[1,0],"8":[0,0],"9":[1,1],"10":[2,1],"11":[2,2],"12":[2,2],"13":[0,2],"14":[0,0],"15":[0,0],"16":[0,2],"17":[2,0],"18":[1,1],"19":[1,1],"20":[1,1]},"_coverageSchema":"1a1c01bbd47fc00a2c39e90264f33305004495a9","hash":"f332562cd063ca2a389f34d19b2279853de2212e"}
,"/Users/victorshemi/Desktop/vic/personal_journal_backend/src/middlewares/authenticate.js": {"path":"/Users/victorshemi/Desktop/vic/personal_journal_backend/src/middlewares/authenticate.js","statementMap":{"0":{"start":{"line":1,"column":13},"end":{"line":1,"column":28}},"1":{"start":{"line":2,"column":11},"end":{"line":2,"column":24}},"2":{"start":{"line":3,"column":12},"end":{"line":3,"column":35}},"3":{"start":{"line":4,"column":15},"end":{"line":4,"column":42}},"4":{"start":{"line":7,"column":24},"end":{"line":37,"column":1}},"5":{"start":{"line":8,"column":4},"end":{"line":36,"column":5}},"6":{"start":{"line":10,"column":27},"end":{"line":10,"column":64}},"7":{"start":{"line":11,"column":27},"end":{"line":11,"column":79}},"8":{"start":{"line":13,"column":22},"end":{"line":13,"column":59}},"9":{"start":{"line":14,"column":8},"end":{"line":14,"column":86}},"10":{"start":{"line":14,"column":20},"end":{"line":14,"column":86}},"11":{"start":{"line":15,"column":8},"end":{"line":32,"column":9}},"12":{"start":{"line":16,"column":12},"end":{"line":29,"column":14}},"13":{"start":{"line":20,"column":20},"end":{"line":24,"column":21}},"14":{"start":{"line":21,"column":24},"end":{"line":23,"column":27}},"15":{"start":{"line":25,"column":33},"end":{"line":25,"column":48}},"16":{"start":{"line":26,"column":20},"end":{"line":26,"column":36}},"17":{"start":{"line":27,"column":20},"end":{"line":27,"column":27}},"18":{"start":{"line":31,"column":12},"end":{"line":31,"column":70}},"19":{"start":{"line":34,"column":8},"end":{"line":34,"column":28}},"20":{"start":{"line":35,"column":8},"end":{"line":35,"column":66}},"21":{"start":{"line":39,"column":0},"end":{"line":39,"column":33}}},"fnMap":{"0":{"name":"(anonymous_0)","decl":{"start":{"line":7,"column":24},"end":{"line":7,"column":25}},"loc":{"start":{"line":7,"column":44},"end":{"line":37,"column":1}},"line":7},"1":{"name":"(anonymous_1)","decl":{"start":{"line":19,"column":16},"end":{"line":19,"column":17}},"loc":{"start":{"line":19,"column":40},"end":{"line":28,"column":17}},"line":19}},"branchMap":{"0":{"loc":{"start":{"line":14,"column":8},"end":{"line":14,"column":86}},"type":"if","locations":[{"start":{"line":14,"column":8},"end":{"line":14,"column":86}},{"start":{},"end":{}}],"line":14},"1":{"loc":{"start":{"line":15,"column":8},"end":{"line":32,"column":9}},"type":"if","locations":[{"start":{"line":15,"column":8},"end":{"line":32,"column":9}},{"start":{"line":30,"column":15},"end":{"line":32,"column":9}}],"line":15},"2":{"loc":{"start":{"line":15,"column":12},"end":{"line":15,"column":77}},"type":"binary-expr","locations":[{"start":{"line":15,"column":12},"end":{"line":15,"column":33}},{"start":{"line":15,"column":37},"end":{"line":15,"column":77}}],"line":15},"3":{"loc":{"start":{"line":20,"column":20},"end":{"line":24,"column":21}},"type":"if","locations":[{"start":{"line":20,"column":20},"end":{"line":24,"column":21}},{"start":{},"end":{}}],"line":20}},"s":{"0":3,"1":3,"2":3,"3":3,"4":3,"5":24,"6":24,"7":24,"8":24,"9":24,"10":9,"11":24,"12":15,"13":15,"14":0,"15":15,"16":15,"17":15,"18":0,"19":9,"20":9,"21":3},"f":{"0":24,"1":15},"b":{"0":[9,15],"1":[15,0],"2":[24,15],"3":[0,15]},"_coverageSchema":"1a1c01bbd47fc00a2c39e90264f33305004495a9","hash":"dafba9d4cbbe60b130184ef9eb2707207f7dee1f"}
,"/Users/victorshemi/Desktop/vic/personal_journal_backend/src/middlewares/error.js": {"path":"/Users/victorshemi/Desktop/vic/personal_journal_backend/src/middlewares/error.js","statementMap":{"0":{"start":{"line":1,"column":22},"end":{"line":1,"column":42}},"1":{"start":{"line":2,"column":18},"end":{"line":2,"column":46}},"2":{"start":{"line":3,"column":15},"end":{"line":3,"column":42}},"3":{"start":{"line":5,"column":23},"end":{"line":13,"column":1}},"4":{"start":{"line":6,"column":14},"end":{"line":6,"column":17}},"5":{"start":{"line":7,"column":2},"end":{"line":11,"column":3}},"6":{"start":{"line":8,"column":23},"end":{"line":8,"column":89}},"7":{"start":{"line":9,"column":20},"end":{"line":9,"column":47}},"8":{"start":{"line":10,"column":4},"end":{"line":10,"column":64}},"9":{"start":{"line":12,"column":2},"end":{"line":12,"column":14}},"10":{"start":{"line":15,"column":21},"end":{"line":35,"column":1}},"11":{"start":{"line":16,"column":32},"end":{"line":16,"column":35}},"12":{"start":{"line":17,"column":2},"end":{"line":20,"column":3}},"13":{"start":{"line":18,"column":4},"end":{"line":18,"column":21}},"14":{"start":{"line":19,"column":4},"end":{"line":19,"column":38}},"15":{"start":{"line":22,"column":2},"end":{"line":22,"column":40}},"16":{"start":{"line":24,"column":19},"end":{"line":28,"column":3}},"17":{"start":{"line":30,"column":2},"end":{"line":32,"column":3}},"18":{"start":{"line":31,"column":4},"end":{"line":31,"column":23}},"19":{"start":{"line":34,"column":2},"end":{"line":34,"column":40}},"20":{"start":{"line":37,"column":0},"end":{"line":40,"column":2}}},"fnMap":{"0":{"name":"(anonymous_0)","decl":{"start":{"line":5,"column":23},"end":{"line":5,"column":24}},"loc":{"start":{"line":5,"column":48},"end":{"line":13,"column":1}},"line":5},"1":{"name":"(anonymous_1)","decl":{"start":{"line":15,"column":21},"end":{"line":15,"column":22}},"loc":{"start":{"line":15,"column":46},"end":{"line":35,"column":1}},"line":15}},"branchMap":{"0":{"loc":{"start":{"line":7,"column":2},"end":{"line":11,"column":3}},"type":"if","locations":[{"start":{"line":7,"column":2},"end":{"line":11,"column":3}},{"start":{},"end":{}}],"line":7},"1":{"loc":{"start":{"line":8,"column":23},"end":{"line":8,"column":89}},"type":"binary-expr","locations":[{"start":{"line":8,"column":23},"end":{"line":8,"column":39}},{"start":{"line":8,"column":44},"end":{"line":8,"column":88}}],"line":8},"2":{"loc":{"start":{"line":8,"column":44},"end":{"line":8,"column":88}},"type":"cond-expr","locations":[{"start":{"line":8,"column":79},"end":{"line":8,"column":82}},{"start":{"line":8,"column":85},"end":{"line":8,"column":88}}],"line":8},"3":{"loc":{"start":{"line":9,"column":20},"end":{"line":9,"column":47}},"type":"binary-expr","locations":[{"start":{"line":9,"column":20},"end":{"line":9,"column":33}},{"start":{"line":9,"column":37},"end":{"line":9,"column":47}}],"line":9},"4":{"loc":{"start":{"line":17,"column":2},"end":{"line":20,"column":3}},"type":"if","locations":[{"start":{"line":17,"column":2},"end":{"line":20,"column":3}},{"start":{},"end":{}}],"line":17},"5":{"loc":{"start":{"line":17,"column":6},"end":{"line":17,"column":55}},"type":"binary-expr","locations":[{"start":{"line":17,"column":6},"end":{"line":17,"column":33}},{"start":{"line":17,"column":37},"end":{"line":17,"column":55}}],"line":17},"6":{"loc":{"start":{"line":27,"column":8},"end":{"line":27,"column":60}},"type":"binary-expr","locations":[{"start":{"line":27,"column":8},"end":{"line":27,"column":36}},{"start":{"line":27,"column":40},"end":{"line":27,"column":60}}],"line":27},"7":{"loc":{"start":{"line":30,"column":2},"end":{"line":32,"column":3}},"type":"if","locations":[{"start":{"line":30,"column":2},"end":{"line":32,"column":3}},{"start":{},"end":{}}],"line":30}},"s":{"0":3,"1":3,"2":3,"3":3,"4":10,"5":10,"6":9,"7":9,"8":9,"9":10,"10":3,"11":10,"12":10,"13":0,"14":0,"15":10,"16":10,"17":10,"18":0,"19":10,"20":3},"f":{"0":10,"1":10},"b":{"0":[9,1],"1":[9,9],"2":[0,9],"3":[9,0],"4":[0,10],"5":[10,0],"6":[10,0],"7":[0,10]},"_coverageSchema":"1a1c01bbd47fc00a2c39e90264f33305004495a9","hash":"7c3b408e182303222fbe63cb4ded65b6e2d8562e"}
,"/Users/victorshemi/Desktop/vic/personal_journal_backend/src/middlewares/validate.js": {"path":"/Users/victorshemi/Desktop/vic/personal_journal_backend/src/middlewares/validate.js","statementMap":{"0":{"start":{"line":1,"column":12},"end":{"line":1,"column":26}},"1":{"start":{"line":2,"column":13},"end":{"line":2,"column":37}},"2":{"start":{"line":3,"column":17},"end":{"line":3,"column":45}},"3":{"start":{"line":5,"column":17},"end":{"line":18,"column":1}},"4":{"start":{"line":5,"column":29},"end":{"line":18,"column":1}},"5":{"start":{"line":6,"column":22},"end":{"line":6,"column":63}},"6":{"start":{"line":7,"column":17},"end":{"line":7,"column":52}},"7":{"start":{"line":8,"column":27},"end":{"line":10,"column":21}},"8":{"start":{"line":12,"column":2},"end":{"line":15,"column":3}},"9":{"start":{"line":13,"column":25},"end":{"line":13,"column":83}},"10":{"start":{"line":13,"column":56},"end":{"line":13,"column":71}},"11":{"start":{"line":14,"column":4},"end":{"line":14,"column":49}},"12":{"start":{"line":16,"column":2},"end":{"line":16,"column":28}},"13":{"start":{"line":17,"column":2},"end":{"line":17,"column":16}},"14":{"start":{"line":20,"column":0},"end":{"line":20,"column":26}}},"fnMap":{"0":{"name":"(anonymous_0)","decl":{"start":{"line":5,"column":17},"end":{"line":5,"column":18}},"loc":{"start":{"line":5,"column":29},"end":{"line":18,"column":1}},"line":5},"1":{"name":"(anonymous_1)","decl":{"start":{"line":5,"column":29},"end":{"line":5,"column":30}},"loc":{"start":{"line":5,"column":49},"end":{"line":18,"column":1}},"line":5},"2":{"name":"(anonymous_2)","decl":{"start":{"line":13,"column":43},"end":{"line":13,"column":44}},"loc":{"start":{"line":13,"column":56},"end":{"line":13,"column":71}},"line":13}},"branchMap":{"0":{"loc":{"start":{"line":12,"column":2},"end":{"line":15,"column":3}},"type":"if","locations":[{"start":{"line":12,"column":2},"end":{"line":15,"column":3}},{"start":{},"end":{}}],"line":12}},"s":{"0":3,"1":3,"2":3,"3":3,"4":48,"5":25,"6":25,"7":25,"8":25,"9":1,"10":1,"11":1,"12":24,"13":24,"14":3},"f":{"0":48,"1":25,"2":1},"b":{"0":[1,24]},"_coverageSchema":"1a1c01bbd47fc00a2c39e90264f33305004495a9","hash":"04d67188ab83dd19cc58145f53ef043d57906725"}
,"/Users/victorshemi/Desktop/vic/personal_journal_backend/src/models/categories.model.js": {"path":"/Users/victorshemi/Desktop/vic/personal_journal_backend/src/models/categories.model.js","statementMap":{"0":{"start":{"line":1,"column":23},"end":{"line":1,"column":43}},"1":{"start":{"line":2,"column":18},"end":{"line":2,"column":47}},"2":{"start":{"line":4,"column":17},"end":{"line":14,"column":2}},"3":{"start":{"line":16,"column":0},"end":{"line":16,"column":26}}},"fnMap":{},"branchMap":{},"s":{"0":3,"1":3,"2":3,"3":3},"f":{},"b":{},"_coverageSchema":"1a1c01bbd47fc00a2c39e90264f33305004495a9","hash":"319ba04d256dba66687c496a02955ede21566fa3"}
,"/Users/victorshemi/Desktop/vic/personal_journal_backend/src/models/index.js": {"path":"/Users/victorshemi/Desktop/vic/personal_journal_backend/src/models/index.js","statementMap":{"0":{"start":{"line":1,"column":0},"end":{"line":1,"column":45}},"1":{"start":{"line":2,"column":0},"end":{"line":2,"column":52}},"2":{"start":{"line":3,"column":0},"end":{"line":3,"column":55}}},"fnMap":{},"branchMap":{},"s":{"0":3,"1":3,"2":3},"f":{},"b":{},"_coverageSchema":"1a1c01bbd47fc00a2c39e90264f33305004495a9","hash":"c95a596357ff4691bfbd060fd6051d0d5fe4fd46"}
,"/Users/victorshemi/Desktop/vic/personal_journal_backend/src/models/journals.model.js": {"path":"/Users/victorshemi/Desktop/vic/personal_journal_backend/src/models/journals.model.js","statementMap":{"0":{"start":{"line":1,"column":22},"end":{"line":1,"column":42}},"1":{"start":{"line":2,"column":18},"end":{"line":2,"column":47}},"2":{"start":{"line":3,"column":17},"end":{"line":3,"column":46}},"3":{"start":{"line":4,"column":13},"end":{"line":4,"column":37}},"4":{"start":{"line":6,"column":16},"end":{"line":33,"column":2}},"5":{"start":{"line":36,"column":0},"end":{"line":36,"column":59}},"6":{"start":{"line":37,"column":0},"end":{"line":37,"column":50}},"7":{"start":{"line":39,"column":0},"end":{"line":39,"column":25}}},"fnMap":{},"branchMap":{},"s":{"0":3,"1":3,"2":3,"3":3,"4":3,"5":3,"6":3,"7":3},"f":{},"b":{},"_coverageSchema":"1a1c01bbd47fc00a2c39e90264f33305004495a9","hash":"f2d746265b8cfe1b521b13aebd07cfcdc82d408f"}
,"/Users/victorshemi/Desktop/vic/personal_journal_backend/src/models/users.model.js": {"path":"/Users/victorshemi/Desktop/vic/personal_journal_backend/src/models/users.model.js","statementMap":{"0":{"start":{"line":1,"column":22},"end":{"line":1,"column":42}},"1":{"start":{"line":2,"column":18},"end":{"line":2,"column":47}},"2":{"start":{"line":6,"column":13},"end":{"line":42,"column":2}},"3":{"start":{"line":44,"column":0},"end":{"line":44,"column":22}}},"fnMap":{},"branchMap":{},"s":{"0":3,"1":3,"2":3,"3":3},"f":{},"b":{},"_coverageSchema":"1a1c01bbd47fc00a2c39e90264f33305004495a9","hash":"35b035367e78b01ff3e76ca803a64fddba17f433"}
,"/Users/victorshemi/Desktop/vic/personal_journal_backend/src/routes/auth.route.js": {"path":"/Users/victorshemi/Desktop/vic/personal_journal_backend/src/routes/auth.route.js","statementMap":{"0":{"start":{"line":1,"column":16},"end":{"line":1,"column":34}},"1":{"start":{"line":2,"column":15},"end":{"line":2,"column":31}},"2":{"start":{"line":3,"column":17},"end":{"line":3,"column":51}},"3":{"start":{"line":4,"column":27},"end":{"line":4,"column":52}},"4":{"start":{"line":5,"column":27},"end":{"line":5,"column":52}},"5":{"start":{"line":6,"column":24},"end":{"line":6,"column":62}},"6":{"start":{"line":10,"column":0},"end":{"line":10,"column":38}},"7":{"start":{"line":11,"column":0},"end":{"line":11,"column":85}},"8":{"start":{"line":12,"column":0},"end":{"line":12,"column":76}},"9":{"start":{"line":13,"column":0},"end":{"line":13,"column":64}},"10":{"start":{"line":14,"column":0},"end":{"line":14,"column":112}},"11":{"start":{"line":15,"column":0},"end":{"line":15,"column":115}},"12":{"start":{"line":17,"column":0},"end":{"line":17,"column":24}}},"fnMap":{},"branchMap":{},"s":{"0":3,"1":3,"2":3,"3":3,"4":3,"5":3,"6":3,"7":3,"8":3,"9":3,"10":3,"11":3,"12":3},"f":{},"b":{},"_coverageSchema":"1a1c01bbd47fc00a2c39e90264f33305004495a9","hash":"84e7fe5ec395b9497d02b9f72c0bdd4b522f5451"}
,"/Users/victorshemi/Desktop/vic/personal_journal_backend/src/routes/category.route.js": {"path":"/Users/victorshemi/Desktop/vic/personal_journal_backend/src/routes/category.route.js","statementMap":{"0":{"start":{"line":1,"column":16},"end":{"line":1,"column":34}},"1":{"start":{"line":2,"column":15},"end":{"line":2,"column":31}},"2":{"start":{"line":3,"column":17},"end":{"line":3,"column":51}},"3":{"start":{"line":4,"column":31},"end":{"line":4,"column":56}},"4":{"start":{"line":5,"column":31},"end":{"line":5,"column":56}},"5":{"start":{"line":6,"column":24},"end":{"line":6,"column":62}},"6":{"start":{"line":8,"column":0},"end":{"line":8,"column":114}},"7":{"start":{"line":9,"column":0},"end":{"line":9,"column":119}},"8":{"start":{"line":10,"column":0},"end":{"line":10,"column":118}},"9":{"start":{"line":11,"column":0},"end":{"line":11,"column":118}},"10":{"start":{"line":12,"column":0},"end":{"line":12,"column":119}},"11":{"start":{"line":14,"column":0},"end":{"line":14,"column":24}}},"fnMap":{},"branchMap":{},"s":{"0":3,"1":3,"2":3,"3":3,"4":3,"5":3,"6":3,"7":3,"8":3,"9":3,"10":3,"11":3},"f":{},"b":{},"_coverageSchema":"1a1c01bbd47fc00a2c39e90264f33305004495a9","hash":"2a2cf9e0a14270599318b18c8d7e1c138d5a4d08"}
,"/Users/victorshemi/Desktop/vic/personal_journal_backend/src/routes/index.js": {"path":"/Users/victorshemi/Desktop/vic/personal_journal_backend/src/routes/index.js","statementMap":{"0":{"start":{"line":1,"column":16},"end":{"line":1,"column":34}},"1":{"start":{"line":2,"column":19},"end":{"line":2,"column":42}},"2":{"start":{"line":3,"column":16},"end":{"line":3,"column":42}},"3":{"start":{"line":4,"column":17},"end":{"line":4,"column":44}},"4":{"start":{"line":6,"column":15},"end":{"line":6,"column":31}},"5":{"start":{"line":7,"column":22},"end":{"line":11,"column":1}},"6":{"start":{"line":13,"column":0},"end":{"line":15,"column":3}},"7":{"start":{"line":14,"column":4},"end":{"line":14,"column":40}},"8":{"start":{"line":17,"column":0},"end":{"line":17,"column":24}}},"fnMap":{"0":{"name":"(anonymous_0)","decl":{"start":{"line":13,"column":22},"end":{"line":13,"column":23}},"loc":{"start":{"line":13,"column":33},"end":{"line":15,"column":1}},"line":13}},"branchMap":{},"s":{"0":3,"1":3,"2":3,"3":3,"4":3,"5":3,"6":3,"7":9,"8":3},"f":{"0":9},"b":{},"_coverageSchema":"1a1c01bbd47fc00a2c39e90264f33305004495a9","hash":"0017bb8bc5b3d16061f0be420fbd272b8c1b1432"}
,"/Users/victorshemi/Desktop/vic/personal_journal_backend/src/routes/journal.route.js": {"path":"/Users/victorshemi/Desktop/vic/personal_journal_backend/src/routes/journal.route.js","statementMap":{"0":{"start":{"line":1,"column":16},"end":{"line":1,"column":34}},"1":{"start":{"line":2,"column":15},"end":{"line":2,"column":31}},"2":{"start":{"line":3,"column":17},"end":{"line":3,"column":51}},"3":{"start":{"line":4,"column":30},"end":{"line":4,"column":55}},"4":{"start":{"line":5,"column":30},"end":{"line":5,"column":55}},"5":{"start":{"line":6,"column":24},"end":{"line":6,"column":62}},"6":{"start":{"line":8,"column":0},"end":{"line":8,"column":110}},"7":{"start":{"line":9,"column":0},"end":{"line":9,"column":127}},"8":{"start":{"line":10,"column":0},"end":{"line":10,"column":159}},"9":{"start":{"line":11,"column":0},"end":{"line":11,"column":131}},"10":{"start":{"line":12,"column":0},"end":{"line":12,"column":124}},"11":{"start":{"line":13,"column":0},"end":{"line":13,"column":124}},"12":{"start":{"line":14,"column":0},"end":{"line":14,"column":125}},"13":{"start":{"line":16,"column":0},"end":{"line":16,"column":24}}},"fnMap":{},"branchMap":{},"s":{"0":3,"1":3,"2":3,"3":3,"4":3,"5":3,"6":3,"7":3,"8":3,"9":3,"10":3,"11":3,"12":3,"13":3},"f":{},"b":{},"_coverageSchema":"1a1c01bbd47fc00a2c39e90264f33305004495a9","hash":"eb5ae32da16c4dd6d371a667de1f65ee0abc720d"}
,"/Users/victorshemi/Desktop/vic/personal_journal_backend/src/services/index.js": {"path":"/Users/victorshemi/Desktop/vic/personal_journal_backend/src/services/index.js","statementMap":{"0":{"start":{"line":1,"column":0},"end":{"line":1,"column":56}}},"fnMap":{},"branchMap":{},"s":{"0":3},"f":{},"b":{},"_coverageSchema":"1a1c01bbd47fc00a2c39e90264f33305004495a9","hash":"9438c2e1a3322363d74843c954d5890dd91a46fc"}
,"/Users/victorshemi/Desktop/vic/personal_journal_backend/src/services/token.service.js": {"path":"/Users/victorshemi/Desktop/vic/personal_journal_backend/src/services/token.service.js","statementMap":{"0":{"start":{"line":1,"column":13},"end":{"line":1,"column":28}},"1":{"start":{"line":2,"column":11},"end":{"line":2,"column":24}},"2":{"start":{"line":3,"column":12},"end":{"line":3,"column":35}},"3":{"start":{"line":4,"column":15},"end":{"line":4,"column":42}},"4":{"start":{"line":7,"column":19},"end":{"line":7,"column":56}},"5":{"start":{"line":8,"column":19},"end":{"line":8,"column":71}},"6":{"start":{"line":10,"column":22},"end":{"line":32,"column":1}},"7":{"start":{"line":11,"column":17},"end":{"line":17,"column":5}},"8":{"start":{"line":19,"column":18},"end":{"line":30,"column":5}},"9":{"start":{"line":31,"column":4},"end":{"line":31,"column":17}},"10":{"start":{"line":34,"column":21},"end":{"line":49,"column":1}},"11":{"start":{"line":35,"column":4},"end":{"line":48,"column":7}},"12":{"start":{"line":36,"column":8},"end":{"line":47,"column":10}},"13":{"start":{"line":41,"column":16},"end":{"line":45,"column":17}},"14":{"start":{"line":42,"column":20},"end":{"line":42,"column":32}},"15":{"start":{"line":44,"column":20},"end":{"line":44,"column":45}},"16":{"start":{"line":51,"column":20},"end":{"line":62,"column":1}},"17":{"start":{"line":52,"column":4},"end":{"line":61,"column":5}},"18":{"start":{"line":53,"column":25},"end":{"line":57,"column":10}},"19":{"start":{"line":58,"column":8},"end":{"line":58,"column":31}},"20":{"start":{"line":60,"column":8},"end":{"line":60,"column":18}},"21":{"start":{"line":65,"column":0},"end":{"line":65,"column":47}}},"fnMap":{"0":{"name":"(anonymous_0)","decl":{"start":{"line":10,"column":22},"end":{"line":10,"column":23}},"loc":{"start":{"line":10,"column":32},"end":{"line":32,"column":1}},"line":10},"1":{"name":"(anonymous_1)","decl":{"start":{"line":34,"column":21},"end":{"line":34,"column":22}},"loc":{"start":{"line":34,"column":37},"end":{"line":49,"column":1}},"line":34},"2":{"name":"(anonymous_2)","decl":{"start":{"line":35,"column":23},"end":{"line":35,"column":24}},"loc":{"start":{"line":35,"column":44},"end":{"line":48,"column":5}},"line":35},"3":{"name":"(anonymous_3)","decl":{"start":{"line":40,"column":12},"end":{"line":40,"column":13}},"loc":{"start":{"line":40,"column":30},"end":{"line":46,"column":13}},"line":40},"4":{"name":"(anonymous_4)","decl":{"start":{"line":51,"column":20},"end":{"line":51,"column":21}},"loc":{"start":{"line":51,"column":37},"end":{"line":62,"column":1}},"line":51}},"branchMap":{"0":{"loc":{"start":{"line":41,"column":16},"end":{"line":45,"column":17}},"type":"if","locations":[{"start":{"line":41,"column":16},"end":{"line":45,"column":17}},{"start":{"line":43,"column":23},"end":{"line":45,"column":17}}],"line":41}},"s":{"0":3,"1":3,"2":3,"3":3,"4":3,"5":3,"6":3,"7":2,"8":2,"9":2,"10":3,"11":0,"12":0,"13":0,"14":0,"15":0,"16":3,"17":0,"18":0,"19":0,"20":0,"21":3},"f":{"0":2,"1":0,"2":0,"3":0,"4":0},"b":{"0":[0,0]},"_coverageSchema":"1a1c01bbd47fc00a2c39e90264f33305004495a9","hash":"d7d985f4623d0e3d1ad7d07d1286ce1b5a22b7b6"}
,"/Users/victorshemi/Desktop/vic/personal_journal_backend/src/utils/ApiError.js": {"path":"/Users/victorshemi/Desktop/vic/personal_journal_backend/src/utils/ApiError.js","statementMap":{"0":{"start":{"line":3,"column":4},"end":{"line":3,"column":19}},"1":{"start":{"line":4,"column":4},"end":{"line":4,"column":33}},"2":{"start":{"line":5,"column":4},"end":{"line":5,"column":39}},"3":{"start":{"line":6,"column":4},"end":{"line":10,"column":5}},"4":{"start":{"line":7,"column":6},"end":{"line":7,"column":25}},"5":{"start":{"line":9,"column":6},"end":{"line":9,"column":54}},"6":{"start":{"line":14,"column":0},"end":{"line":14,"column":26}}},"fnMap":{"0":{"name":"(anonymous_0)","decl":{"start":{"line":2,"column":2},"end":{"line":2,"column":3}},"loc":{"start":{"line":2,"column":69},"end":{"line":11,"column":3}},"line":2}},"branchMap":{"0":{"loc":{"start":{"line":2,"column":35},"end":{"line":2,"column":55}},"type":"default-arg","locations":[{"start":{"line":2,"column":51},"end":{"line":2,"column":55}}],"line":2},"1":{"loc":{"start":{"line":2,"column":57},"end":{"line":2,"column":67}},"type":"default-arg","locations":[{"start":{"line":2,"column":65},"end":{"line":2,"column":67}}],"line":2},"2":{"loc":{"start":{"line":6,"column":4},"end":{"line":10,"column":5}},"type":"if","locations":[{"start":{"line":6,"column":4},"end":{"line":10,"column":5}},{"start":{"line":8,"column":11},"end":{"line":10,"column":5}}],"line":6}},"s":{"0":10,"1":10,"2":10,"3":10,"4":9,"5":1,"6":3},"f":{"0":10},"b":{"0":[1],"1":[1],"2":[9,1]},"_coverageSchema":"1a1c01bbd47fc00a2c39e90264f33305004495a9","hash":"1bcfebde8f325d7ea699c751442d859d7a0d3deb"}
,"/Users/victorshemi/Desktop/vic/personal_journal_backend/src/utils/pick.js": {"path":"/Users/victorshemi/Desktop/vic/personal_journal_backend/src/utils/pick.js","statementMap":{"0":{"start":{"line":2,"column":13},"end":{"line":9,"column":1}},"1":{"start":{"line":3,"column":2},"end":{"line":8,"column":9}},"2":{"start":{"line":4,"column":4},"end":{"line":6,"column":5}},"3":{"start":{"line":5,"column":6},"end":{"line":5,"column":29}},"4":{"start":{"line":7,"column":4},"end":{"line":7,"column":15}},"5":{"start":{"line":11,"column":0},"end":{"line":11,"column":22}}},"fnMap":{"0":{"name":"(anonymous_0)","decl":{"start":{"line":2,"column":13},"end":{"line":2,"column":14}},"loc":{"start":{"line":2,"column":31},"end":{"line":9,"column":1}},"line":2},"1":{"name":"(anonymous_1)","decl":{"start":{"line":3,"column":21},"end":{"line":3,"column":22}},"loc":{"start":{"line":3,"column":35},"end":{"line":8,"column":3}},"line":3}},"branchMap":{"0":{"loc":{"start":{"line":4,"column":4},"end":{"line":6,"column":5}},"type":"if","locations":[{"start":{"line":4,"column":4},"end":{"line":6,"column":5}},{"start":{},"end":{}}],"line":4},"1":{"loc":{"start":{"line":4,"column":8},"end":{"line":4,"column":67}},"type":"binary-expr","locations":[{"start":{"line":4,"column":8},"end":{"line":4,"column":14}},{"start":{"line":4,"column":18},"end":{"line":4,"column":67}}],"line":4}},"s":{"0":3,"1":50,"2":106,"3":62,"4":106,"5":3},"f":{"0":50,"1":106},"b":{"0":[62,44],"1":[106,106]},"_coverageSchema":"1a1c01bbd47fc00a2c39e90264f33305004495a9","hash":"787de1a7549c69bde513d9d462ce83c75f51bc41"}
,"/Users/victorshemi/Desktop/vic/personal_journal_backend/src/validations/auth.validation.js": {"path":"/Users/victorshemi/Desktop/vic/personal_journal_backend/src/validations/auth.validation.js","statementMap":{"0":{"start":{"line":1,"column":12},"end":{"line":1,"column":26}},"1":{"start":{"line":2,"column":21},"end":{"line":2,"column":51}},"2":{"start":{"line":4,"column":17},"end":{"line":12,"column":1}},"3":{"start":{"line":14,"column":14},"end":{"line":19,"column":1}},"4":{"start":{"line":21,"column":22},"end":{"line":28,"column":1}},"5":{"start":{"line":30,"column":23},"end":{"line":34,"column":1}},"6":{"start":{"line":37,"column":0},"end":{"line":41,"column":2}}},"fnMap":{},"branchMap":{},"s":{"0":3,"1":3,"2":3,"3":3,"4":3,"5":3,"6":3},"f":{},"b":{},"_coverageSchema":"1a1c01bbd47fc00a2c39e90264f33305004495a9","hash":"3f77ebeb4c87e1f9d1eae2c5b74a3c0c2530c59d"}
,"/Users/victorshemi/Desktop/vic/personal_journal_backend/src/validations/category.validation.js": {"path":"/Users/victorshemi/Desktop/vic/personal_journal_backend/src/validations/category.validation.js","statementMap":{"0":{"start":{"line":1,"column":18},"end":{"line":1,"column":36}},"1":{"start":{"line":2,"column":12},"end":{"line":2,"column":26}},"2":{"start":{"line":4,"column":23},"end":{"line":10,"column":1}},"3":{"start":{"line":12,"column":26},"end":{"line":19,"column":1}},"4":{"start":{"line":22,"column":24},"end":{"line":26,"column":1}},"5":{"start":{"line":28,"column":23},"end":{"line":35,"column":1}},"6":{"start":{"line":37,"column":23},"end":{"line":41,"column":1}},"7":{"start":{"line":50,"column":0},"end":{"line":56,"column":1}}},"fnMap":{},"branchMap":{},"s":{"0":3,"1":3,"2":3,"3":3,"4":3,"5":3,"6":3,"7":3},"f":{},"b":{},"_coverageSchema":"1a1c01bbd47fc00a2c39e90264f33305004495a9","hash":"bea27e4a75b0891ed609c9a4075971c778c34db0"}
,"/Users/victorshemi/Desktop/vic/personal_journal_backend/src/validations/custom.validation.js": {"path":"/Users/victorshemi/Desktop/vic/personal_journal_backend/src/validations/custom.validation.js","statementMap":{"0":{"start":{"line":2,"column":17},"end":{"line":10,"column":1}},"1":{"start":{"line":3,"column":2},"end":{"line":5,"column":3}},"2":{"start":{"line":4,"column":4},"end":{"line":4,"column":69}},"3":{"start":{"line":6,"column":2},"end":{"line":8,"column":3}},"4":{"start":{"line":7,"column":4},"end":{"line":7,"column":83}},"5":{"start":{"line":9,"column":2},"end":{"line":9,"column":15}},"6":{"start":{"line":12,"column":0},"end":{"line":14,"column":2}}},"fnMap":{"0":{"name":"(anonymous_0)","decl":{"start":{"line":2,"column":17},"end":{"line":2,"column":18}},"loc":{"start":{"line":2,"column":37},"end":{"line":10,"column":1}},"line":2}},"branchMap":{"0":{"loc":{"start":{"line":3,"column":2},"end":{"line":5,"column":3}},"type":"if","locations":[{"start":{"line":3,"column":2},"end":{"line":5,"column":3}},{"start":{},"end":{}}],"line":3},"1":{"loc":{"start":{"line":6,"column":2},"end":{"line":8,"column":3}},"type":"if","locations":[{"start":{"line":6,"column":2},"end":{"line":8,"column":3}},{"start":{},"end":{}}],"line":6},"2":{"loc":{"start":{"line":6,"column":6},"end":{"line":6,"column":52}},"type":"binary-expr","locations":[{"start":{"line":6,"column":6},"end":{"line":6,"column":24}},{"start":{"line":6,"column":28},"end":{"line":6,"column":52}}],"line":6}},"s":{"0":3,"1":0,"2":0,"3":0,"4":0,"5":0,"6":3},"f":{"0":0},"b":{"0":[0,0],"1":[0,0],"2":[0,0]},"_coverageSchema":"1a1c01bbd47fc00a2c39e90264f33305004495a9","hash":"7b1580672c288106c21b310d9c8371349ca986b1"}
,"/Users/victorshemi/Desktop/vic/personal_journal_backend/src/validations/index.js": {"path":"/Users/victorshemi/Desktop/vic/personal_journal_backend/src/validations/index.js","statementMap":{"0":{"start":{"line":1,"column":0},"end":{"line":1,"column":60}},"1":{"start":{"line":2,"column":0},"end":{"line":2,"column":66}},"2":{"start":{"line":3,"column":0},"end":{"line":3,"column":68}}},"fnMap":{},"branchMap":{},"s":{"0":3,"1":3,"2":3},"f":{},"b":{},"_coverageSchema":"1a1c01bbd47fc00a2c39e90264f33305004495a9","hash":"ff1d36cb771b8c4227b70c54581f1fb1356d19ec"}
,"/Users/victorshemi/Desktop/vic/personal_journal_backend/src/validations/journal.validation.js": {"path":"/Users/victorshemi/Desktop/vic/personal_journal_backend/src/validations/journal.validation.js","statementMap":{"0":{"start":{"line":1,"column":18},"end":{"line":1,"column":36}},"1":{"start":{"line":2,"column":12},"end":{"line":2,"column":26}},"2":{"start":{"line":4,"column":22},"end":{"line":12,"column":1}},"3":{"start":{"line":14,"column":26},"end":{"line":22,"column":1}},"4":{"start":{"line":24,"column":40},"end":{"line":36,"column":1}},"5":{"start":{"line":38,"column":33},"end":{"line":47,"column":1}},"6":{"start":{"line":49,"column":28},"end":{"line":53,"column":1}},"7":{"start":{"line":55,"column":27},"end":{"line":64,"column":1}},"8":{"start":{"line":66,"column":27},"end":{"line":70,"column":1}},"9":{"start":{"line":79,"column":0},"end":{"line":87,"column":1}}},"fnMap":{},"branchMap":{},"s":{"0":3,"1":3,"2":3,"3":3,"4":3,"5":3,"6":3,"7":3,"8":3,"9":3},"f":{},"b":{},"_coverageSchema":"1a1c01bbd47fc00a2c39e90264f33305004495a9","hash":"bc8de4e0ec82e1b27083087f80b3bb4430f787d0"}
}
