TN:
SF:src/app.js
FN:27,(anonymous_0)
FN:45,(anonymous_1)
FN:78,(anonymous_2)
FNF:3
FNH:2
FNDA:25,(anonymous_0)
FNDA:25,(anonymous_1)
FNDA:0,(anonymous_2)
DA:1,3
DA:2,3
DA:3,3
DA:4,3
DA:5,3
DA:6,3
DA:7,3
DA:8,3
DA:9,3
DA:10,3
DA:12,3
DA:15,3
DA:16,3
DA:17,3
DA:18,3
DA:19,3
DA:22,3
DA:27,3
DA:28,25
DA:29,15
DA:31,15
DA:41,15
DA:45,3
DA:46,25
DA:50,25
DA:53,3
DA:64,3
DA:78,3
DA:79,0
DA:82,3
DA:83,3
DA:85,3
LF:32
LH:31
BRDA:28,0,0,15
BRDA:28,0,1,10
BRF:2
BRH:2
end_of_record
TN:
SF:src/config/config.js
FNF:0
FNH:0
DA:1,3
DA:2,3
DA:3,3
DA:5,3
DA:7,3
DA:24,3
DA:26,3
DA:27,0
DA:30,3
LF:9
LH:8
BRDA:26,0,0,0
BRDA:26,0,1,3
BRF:2
BRH:1
end_of_record
TN:
SF:src/config/database.js
FNF:0
FNH:0
DA:1,3
DA:2,3
DA:4,3
DA:5,3
DA:6,3
DA:7,3
DA:8,3
DA:10,3
DA:17,3
LF:9
LH:9
BRF:0
BRH:0
end_of_record
TN:
SF:src/controllers/auth.controller.js
FN:9,(anonymous_0)
FN:13,(anonymous_1)
FN:41,(anonymous_2)
FN:63,(anonymous_3)
FN:72,(anonymous_4)
FN:86,(anonymous_5)
FN:107,(anonymous_6)
FNF:7
FNH:0
FNDA:0,(anonymous_0)
FNDA:0,(anonymous_1)
FNDA:0,(anonymous_2)
FNDA:0,(anonymous_3)
FNDA:0,(anonymous_4)
FNDA:0,(anonymous_5)
FNDA:0,(anonymous_6)
DA:1,3
DA:2,3
DA:3,3
DA:4,3
DA:5,3
DA:6,3
DA:7,3
DA:9,3
DA:10,0
DA:13,3
DA:14,0
DA:16,0
DA:17,0
DA:21,0
DA:22,0
DA:24,0
DA:25,0
DA:26,0
DA:33,0
DA:34,0
DA:36,0
DA:37,0
DA:41,3
DA:42,0
DA:43,0
DA:44,0
DA:49,0
DA:50,0
DA:52,0
DA:53,0
DA:54,0
DA:56,0
DA:57,0
DA:59,0
DA:63,3
DA:64,0
DA:65,0
DA:66,0
DA:67,0
DA:68,0
DA:73,0
DA:74,0
DA:78,0
DA:79,0
DA:86,3
DA:87,0
DA:88,0
DA:89,0
DA:90,0
DA:95,0
DA:96,0
DA:99,0
DA:100,0
DA:102,0
DA:107,3
DA:108,0
DA:109,0
DA:110,0
DA:111,0
DA:112,0
DA:113,0
DA:115,0
DA:117,0
DA:118,0
DA:120,0
DA:121,0
DA:122,0
DA:123,0
DA:125,0
DA:129,3
LF:70
LH:14
BRDA:21,0,0,0
BRDA:21,0,1,0
BRDA:49,1,0,0
BRDA:49,1,1,0
BRDA:53,2,0,0
BRDA:53,2,1,0
BRDA:67,3,0,0
BRDA:67,3,1,0
BRDA:67,4,0,0
BRDA:67,4,1,0
BRDA:73,5,0,0
BRDA:73,5,1,0
BRDA:95,6,0,0
BRDA:95,6,1,0
BRDA:112,7,0,0
BRDA:112,7,1,0
BRDA:117,8,0,0
BRDA:117,8,1,0
BRF:18
BRH:0
end_of_record
TN:
SF:src/controllers/category.controller.js
FN:5,(anonymous_0)
FN:20,(anonymous_1)
FN:47,(anonymous_2)
FN:61,(anonymous_3)
FN:77,(anonymous_4)
FNF:5
FNH:1
FNDA:2,(anonymous_0)
FNDA:0,(anonymous_1)
FNDA:0,(anonymous_2)
FNDA:0,(anonymous_3)
FNDA:0,(anonymous_4)
DA:1,3
DA:5,3
DA:6,2
DA:7,2
DA:8,2
DA:9,2
DA:10,1
DA:12,1
DA:13,1
DA:15,0
DA:20,3
DA:21,0
DA:22,0
DA:23,0
DA:25,0
DA:27,0
DA:32,0
DA:33,0
DA:42,0
DA:47,3
DA:48,0
DA:49,0
DA:50,0
DA:51,0
DA:52,0
DA:54,0
DA:56,0
DA:61,3
DA:62,0
DA:63,0
DA:64,0
DA:65,0
DA:66,0
DA:67,0
DA:69,0
DA:70,0
DA:71,0
DA:73,0
DA:77,3
DA:78,0
DA:79,0
DA:80,0
DA:81,0
DA:82,0
DA:84,0
DA:85,0
DA:87,0
DA:91,3
LF:48
LH:14
BRDA:9,0,0,1
BRDA:9,0,1,1
BRDA:22,1,0,0
BRDA:22,1,1,0
BRDA:23,2,0,0
BRDA:23,2,1,0
BRDA:51,3,0,0
BRDA:51,3,1,0
BRDA:66,4,0,0
BRDA:66,4,1,0
BRDA:81,5,0,0
BRDA:81,5,1,0
BRF:12
BRH:2
end_of_record
TN:
SF:src/controllers/index.js
FNF:0
FNH:0
DA:1,3
DA:2,3
DA:3,3
LF:3
LH:3
BRF:0
BRH:0
end_of_record
TN:
SF:src/controllers/journal.controller.js
FN:5,(anonymous_0)
FN:31,(anonymous_1)
FN:50,(anonymous_2)
FN:99,(anonymous_3)
FN:148,(anonymous_4)
FN:172,(anonymous_5)
FN:202,(anonymous_6)
FNF:7
FNH:7
FNDA:1,(anonymous_0)
FNDA:1,(anonymous_1)
FNDA:3,(anonymous_2)
FNDA:2,(anonymous_3)
FNDA:2,(anonymous_4)
FNDA:2,(anonymous_5)
FNDA:2,(anonymous_6)
DA:1,3
DA:2,3
DA:3,3
DA:5,3
DA:6,1
DA:7,1
DA:10,1
DA:11,0
DA:12,0
DA:13,0
DA:15,0
DA:17,1
DA:19,1
DA:25,1
DA:27,0
DA:31,3
DA:32,1
DA:33,1
DA:34,1
DA:35,1
DA:36,1
DA:43,1
DA:45,0
DA:50,3
DA:51,3
DA:52,3
DA:53,3
DA:54,3
DA:55,3
DA:56,3
DA:58,3
DA:61,3
DA:62,1
DA:63,1
DA:64,1
DA:65,1
DA:66,0
DA:67,0
DA:68,0
DA:69,0
DA:71,2
DA:72,1
DA:73,1
DA:74,1
DA:78,3
DA:92,3
DA:94,0
DA:95,0
DA:99,3
DA:100,2
DA:101,2
DA:102,2
DA:103,2
DA:104,2
DA:105,2
DA:107,2
DA:110,2
DA:111,0
DA:112,0
DA:113,0
DA:114,0
DA:115,0
DA:116,0
DA:117,0
DA:118,0
DA:120,2
DA:121,0
DA:122,0
DA:123,0
DA:127,2
DA:141,2
DA:143,0
DA:144,0
DA:148,3
DA:149,2
DA:150,2
DA:151,2
DA:162,2
DA:163,1
DA:165,1
DA:167,0
DA:172,3
DA:173,2
DA:174,2
DA:175,2
DA:176,2
DA:187,2
DA:188,1
DA:190,1
DA:191,1
DA:192,1
DA:193,1
DA:194,0
DA:196,1
DA:202,3
DA:203,2
DA:204,2
DA:205,2
DA:206,2
DA:207,1
DA:209,1
DA:210,1
DA:212,0
DA:217,3
LF:104
LH:76
BRDA:10,0,0,0
BRDA:10,0,1,1
BRDA:12,1,0,0
BRDA:12,1,1,0
BRDA:33,2,0,1
BRDA:33,2,1,1
BRDA:34,3,0,1
BRDA:34,3,1,1
BRDA:54,4,0,3
BRDA:54,4,1,3
BRDA:55,5,0,3
BRDA:55,5,1,3
BRDA:61,6,0,1
BRDA:61,6,1,2
BRDA:62,7,0,1
BRDA:62,7,1,0
BRDA:66,8,0,0
BRDA:66,8,1,0
BRDA:71,9,0,1
BRDA:71,9,1,1
BRDA:71,10,0,2
BRDA:71,10,1,1
BRDA:103,11,0,2
BRDA:103,11,1,2
BRDA:104,12,0,2
BRDA:104,12,1,2
BRDA:110,13,0,0
BRDA:110,13,1,2
BRDA:111,14,0,0
BRDA:111,14,1,0
BRDA:115,15,0,0
BRDA:115,15,1,0
BRDA:120,16,0,0
BRDA:120,16,1,2
BRDA:120,17,0,2
BRDA:120,17,1,0
BRDA:162,18,0,1
BRDA:162,18,1,1
BRDA:187,19,0,1
BRDA:187,19,1,1
BRDA:206,20,0,1
BRDA:206,20,1,1
BRF:42
BRH:29
end_of_record
TN:
SF:src/middlewares/authenticate.js
FN:7,(anonymous_0)
FN:19,(anonymous_1)
FNF:2
FNH:2
FNDA:24,(anonymous_0)
FNDA:15,(anonymous_1)
DA:1,3
DA:2,3
DA:3,3
DA:4,3
DA:7,3
DA:8,24
DA:10,24
DA:11,24
DA:13,24
DA:14,24
DA:15,24
DA:16,15
DA:20,15
DA:21,0
DA:25,15
DA:26,15
DA:27,15
DA:31,0
DA:34,9
DA:35,9
DA:39,3
LF:21
LH:19
BRDA:14,0,0,9
BRDA:14,0,1,15
BRDA:15,1,0,15
BRDA:15,1,1,0
BRDA:15,2,0,24
BRDA:15,2,1,15
BRDA:20,3,0,0
BRDA:20,3,1,15
BRF:8
BRH:6
end_of_record
TN:
SF:src/middlewares/error.js
FN:5,(anonymous_0)
FN:15,(anonymous_1)
FNF:2
FNH:2
FNDA:10,(anonymous_0)
FNDA:10,(anonymous_1)
DA:1,3
DA:2,3
DA:3,3
DA:5,3
DA:6,10
DA:7,10
DA:8,9
DA:9,9
DA:10,9
DA:12,10
DA:15,3
DA:16,10
DA:17,10
DA:18,0
DA:19,0
DA:22,10
DA:24,10
DA:30,10
DA:31,0
DA:34,10
DA:37,3
LF:21
LH:18
BRDA:7,0,0,9
BRDA:7,0,1,1
BRDA:8,1,0,9
BRDA:8,1,1,9
BRDA:8,2,0,0
BRDA:8,2,1,9
BRDA:9,3,0,9
BRDA:9,3,1,0
BRDA:17,4,0,0
BRDA:17,4,1,10
BRDA:17,5,0,10
BRDA:17,5,1,0
BRDA:27,6,0,10
BRDA:27,6,1,0
BRDA:30,7,0,0
BRDA:30,7,1,10
BRF:16
BRH:10
end_of_record
TN:
SF:src/middlewares/validate.js
FN:5,(anonymous_0)
FN:5,(anonymous_1)
FN:13,(anonymous_2)
FNF:3
FNH:3
FNDA:48,(anonymous_0)
FNDA:25,(anonymous_1)
FNDA:1,(anonymous_2)
DA:1,3
DA:2,3
DA:3,3
DA:5,48
DA:6,25
DA:7,25
DA:8,25
DA:12,25
DA:13,1
DA:14,1
DA:16,24
DA:17,24
DA:20,3
LF:13
LH:13
BRDA:12,0,0,1
BRDA:12,0,1,24
BRF:2
BRH:2
end_of_record
TN:
SF:src/models/categories.model.js
FNF:0
FNH:0
DA:1,3
DA:2,3
DA:4,3
DA:16,3
LF:4
LH:4
BRF:0
BRH:0
end_of_record
TN:
SF:src/models/index.js
FNF:0
FNH:0
DA:1,3
DA:2,3
DA:3,3
LF:3
LH:3
BRF:0
BRH:0
end_of_record
TN:
SF:src/models/journals.model.js
FNF:0
FNH:0
DA:1,3
DA:2,3
DA:3,3
DA:4,3
DA:6,3
DA:36,3
DA:37,3
DA:39,3
LF:8
LH:8
BRF:0
BRH:0
end_of_record
TN:
SF:src/models/users.model.js
FNF:0
FNH:0
DA:1,3
DA:2,3
DA:6,3
DA:44,3
LF:4
LH:4
BRF:0
BRH:0
end_of_record
TN:
SF:src/routes/auth.route.js
FNF:0
FNH:0
DA:1,3
DA:2,3
DA:3,3
DA:4,3
DA:5,3
DA:6,3
DA:10,3
DA:11,3
DA:12,3
DA:13,3
DA:14,3
DA:15,3
DA:17,3
LF:13
LH:13
BRF:0
BRH:0
end_of_record
TN:
SF:src/routes/category.route.js
FNF:0
FNH:0
DA:1,3
DA:2,3
DA:3,3
DA:4,3
DA:5,3
DA:6,3
DA:8,3
DA:9,3
DA:10,3
DA:11,3
DA:12,3
DA:14,3
LF:12
LH:12
BRF:0
BRH:0
end_of_record
TN:
SF:src/routes/index.js
FN:13,(anonymous_0)
FNF:1
FNH:1
FNDA:9,(anonymous_0)
DA:1,3
DA:2,3
DA:3,3
DA:4,3
DA:6,3
DA:7,3
DA:13,3
DA:14,9
DA:17,3
LF:9
LH:9
BRF:0
BRH:0
end_of_record
TN:
SF:src/routes/journal.route.js
FNF:0
FNH:0
DA:1,3
DA:2,3
DA:3,3
DA:4,3
DA:5,3
DA:6,3
DA:8,3
DA:9,3
DA:10,3
DA:11,3
DA:12,3
DA:13,3
DA:14,3
DA:16,3
LF:14
LH:14
BRF:0
BRH:0
end_of_record
TN:
SF:src/services/index.js
FNF:0
FNH:0
DA:1,3
LF:1
LH:1
BRF:0
BRH:0
end_of_record
TN:
SF:src/services/token.service.js
FN:10,(anonymous_0)
FN:34,(anonymous_1)
FN:35,(anonymous_2)
FN:40,(anonymous_3)
FN:51,(anonymous_4)
FNF:5
FNH:1
FNDA:2,(anonymous_0)
FNDA:0,(anonymous_1)
FNDA:0,(anonymous_2)
FNDA:0,(anonymous_3)
FNDA:0,(anonymous_4)
DA:1,3
DA:2,3
DA:3,3
DA:4,3
DA:7,3
DA:8,3
DA:10,3
DA:11,2
DA:19,2
DA:31,2
DA:34,3
DA:35,0
DA:36,0
DA:41,0
DA:42,0
DA:44,0
DA:51,3
DA:52,0
DA:53,0
DA:58,0
DA:60,0
DA:65,3
LF:22
LH:13
BRDA:41,0,0,0
BRDA:41,0,1,0
BRF:2
BRH:0
end_of_record
TN:
SF:src/utils/ApiError.js
FN:2,(anonymous_0)
FNF:1
FNH:1
FNDA:10,(anonymous_0)
DA:3,10
DA:4,10
DA:5,10
DA:6,10
DA:7,9
DA:9,1
DA:14,3
LF:7
LH:7
BRDA:2,0,0,1
BRDA:2,1,0,1
BRDA:6,2,0,9
BRDA:6,2,1,1
BRF:4
BRH:4
end_of_record
TN:
SF:src/utils/pick.js
FN:2,(anonymous_0)
FN:3,(anonymous_1)
FNF:2
FNH:2
FNDA:50,(anonymous_0)
FNDA:106,(anonymous_1)
DA:2,3
DA:3,50
DA:4,106
DA:5,62
DA:7,106
DA:11,3
LF:6
LH:6
BRDA:4,0,0,62
BRDA:4,0,1,44
BRDA:4,1,0,106
BRDA:4,1,1,106
BRF:4
BRH:4
end_of_record
TN:
SF:src/validations/auth.validation.js
FNF:0
FNH:0
DA:1,3
DA:2,3
DA:4,3
DA:14,3
DA:21,3
DA:30,3
DA:37,3
LF:7
LH:7
BRF:0
BRH:0
end_of_record
TN:
SF:src/validations/category.validation.js
FNF:0
FNH:0
DA:1,3
DA:2,3
DA:4,3
DA:12,3
DA:22,3
DA:28,3
DA:37,3
DA:50,3
LF:8
LH:8
BRF:0
BRH:0
end_of_record
TN:
SF:src/validations/custom.validation.js
FN:2,(anonymous_0)
FNF:1
FNH:0
FNDA:0,(anonymous_0)
DA:2,3
DA:3,0
DA:4,0
DA:6,0
DA:7,0
DA:9,0
DA:12,3
LF:7
LH:2
BRDA:3,0,0,0
BRDA:3,0,1,0
BRDA:6,1,0,0
BRDA:6,1,1,0
BRDA:6,2,0,0
BRDA:6,2,1,0
BRF:6
BRH:0
end_of_record
TN:
SF:src/validations/index.js
FNF:0
FNH:0
DA:1,3
DA:2,3
DA:3,3
LF:3
LH:3
BRF:0
BRH:0
end_of_record
TN:
SF:src/validations/journal.validation.js
FNF:0
FNH:0
DA:1,3
DA:2,3
DA:4,3
DA:14,3
DA:24,3
DA:38,3
DA:49,3
DA:55,3
DA:66,3
DA:79,3
LF:10
LH:10
BRF:0
BRH:0
end_of_record
